\BOOKMARK [0][-]{chapter.1}{\376\377\004\022\004\062\004\065\004\064\004\065\004\075\004\070\004\065}{}% 1
\BOOKMARK [1][-]{section.1.1}{\376\377\004\020\004\072\004\102\004\103\004\060\004\073\004\114\004\075\004\076\004\101\004\102\004\114\000\040\004\102\004\065\004\074\004\113\000\040\004\070\004\101\004\101\004\073\004\065\004\064\004\076\004\062\004\060\004\075\004\070\004\117}{chapter.1}% 2
\BOOKMARK [1][-]{section.1.2}{\376\377\004\046\004\065\004\073\004\114\000\040\004\070\000\040\004\067\004\060\004\064\004\060\004\107\004\070\000\040\004\070\004\101\004\101\004\073\004\065\004\064\004\076\004\062\004\060\004\075\004\070\004\117}{chapter.1}% 3
\BOOKMARK [1][-]{section.1.3}{\376\377\004\035\004\060\004\103\004\107\004\075\004\060\004\117\000\040\004\075\004\076\004\062\004\070\004\067\004\075\004\060\000\040\004\070\000\040\004\077\004\100\004\060\004\072\004\102\004\070\004\107\004\065\004\101\004\072\004\060\004\117\000\040\004\067\004\075\004\060\004\107\004\070\004\074\004\076\004\101\004\102\004\114}{chapter.1}% 4
\BOOKMARK [0][-]{chapter.2}{\376\377\004\036\004\061\004\067\004\076\004\100\000\040\004\101\004\103\004\111\004\065\004\101\004\102\004\062\004\103\004\116\004\111\004\070\004\105\000\040\004\100\004\065\004\110\004\065\004\075\004\070\004\071}{}% 5
\BOOKMARK [1][-]{section.2.1}{\376\377\004\020\004\075\004\060\004\073\004\070\004\067\004\060\004\102\004\076\004\100\004\113\000\040\004\101\004\065\004\102\004\065\004\062\004\076\004\063\004\076\000\040\004\102\004\100\004\060\004\104\004\070\004\072\004\060}{chapter.2}% 6
\BOOKMARK [2][-]{subsection.2.1.1}{\376\377\000N\000t\000o\000p\000n\000g}{section.2.1}% 7
\BOOKMARK [2][-]{subsection.2.1.2}{\376\377\000S\000u\000r\000i\000c\000a\000t\000a}{section.2.1}% 8
\BOOKMARK [2][-]{subsection.2.1.3}{\376\377\000Z\000e\000e\000k}{section.2.1}% 9
\BOOKMARK [2][-]{subsection.2.1.4}{\376\377\004\030\004\102\004\076\004\063\004\076\004\062\004\113\004\071\000\040\004\060\004\075\004\060\004\073\004\070\004\067\000\040\004\060\004\075\004\060\004\073\004\070\004\067\004\060\004\102\004\076\004\100\004\076\004\062}{section.2.1}% 10
\BOOKMARK [1][-]{section.2.2}{\376\377\004\021\004\070\004\061\004\073\004\070\004\076\004\102\004\065\004\072\004\070\000\040\004\101\004\070\004\101\004\102\004\065\004\074\000\040\004\101\004\076\004\061\004\113\004\102\004\070\004\071}{chapter.2}% 11
\BOOKMARK [2][-]{subsection.2.2.1}{\376\377\000B\000o\000o\000s\000t\000.\000S\000i\000g\000n\000a\000l\000s\0002}{section.2.2}% 12
\BOOKMARK [2][-]{subsection.2.2.2}{\376\377\000E\000v\000e\000n\000t\000p\000p}{section.2.2}% 13
\BOOKMARK [2][-]{subsection.2.2.3}{\376\377\000L\000i\000b\000u\000v}{section.2.2}% 14
\BOOKMARK [2][-]{subsection.2.2.4}{\376\377\004\030\004\102\004\076\004\063\004\076\004\062\004\113\004\071\000\040\004\060\004\075\004\060\004\073\004\070\004\067\000\040\004\061\004\070\004\061\004\073\004\070\004\076\004\102\004\065\004\072\000\040\004\101\004\076\004\061\004\113\004\102\004\070\004\071}{section.2.2}% 15
\BOOKMARK [0][-]{chapter.3}{\376\377\004\037\004\076\004\101\004\102\004\100\004\076\004\065\004\075\004\070\004\065\000\040\004\100\004\065\004\110\004\065\004\075\004\070\004\117\000\040\004\070\000\040\004\070\004\101\004\101\004\073\004\065\004\064\004\076\004\062\004\060\004\075\004\070\004\065\000\040\004\067\004\060\004\064\004\060\004\107\004\070}{}% 16
\BOOKMARK [1][-]{section.3.1}{\376\377\004\022\004\113\004\061\004\076\004\100\000\040\004\077\004\076\004\064\004\105\004\076\004\064\004\117\004\111\004\070\004\105\000\040\004\070\004\075\004\101\004\102\004\100\004\103\004\074\004\065\004\075\004\102\004\076\004\062}{chapter.3}% 17
\BOOKMARK [1][-]{section.3.2}{\376\377\004\020\004\100\004\105\004\070\004\102\004\065\004\072\004\102\004\103\004\100\004\060\000\040\004\101\004\070\004\101\004\102\004\065\004\074\004\113\000\040\004\101\004\076\004\061\004\113\004\102\004\070\004\071}{chapter.3}% 18
\BOOKMARK [2][-]{subsection.3.2.1}{\376\377\004\021\004\060\004\067\004\076\004\062\004\113\004\071\000\040\004\072\004\073\004\060\004\101\004\101\000\040\004\101\004\076\004\061\004\113\004\102\004\070\004\117}{section.3.2}% 19
\BOOKMARK [2][-]{subsection.3.2.2}{\376\377\004\032\004\073\004\060\004\101\004\101\000\040\004\076\004\061\004\100\004\060\004\061\004\076\004\102\004\107\004\070\004\072\004\060\000\040\004\101\000\040\000t\000y\000p\000e\000\040\000e\000r\000a\000s\000u\000r\000e}{section.3.2}% 20
\BOOKMARK [2][-]{subsection.3.2.3}{\376\377\004\034\004\065\004\105\004\060\004\075\004\070\004\067\004\074\000\040\004\064\004\070\004\101\004\077\004\065\004\102\004\107\004\065\004\100\004\070\004\067\004\060\004\106\004\070\004\070\000\040\004\101\004\076\004\061\004\113\004\102\004\070\004\071}{section.3.2}% 21
\BOOKMARK [1][-]{section.3.3}{\376\377\004\036\004\077\004\102\004\070\004\074\004\070\004\067\004\060\004\106\004\070\004\070\000\040\004\077\004\100\004\076\004\070\004\067\004\062\004\076\004\064\004\070\004\102\004\065\004\073\004\114\004\075\004\076\004\101\004\102\004\070}{chapter.3}% 22
\BOOKMARK [2][-]{subsection.3.3.1}{\376\377\004\036\004\077\004\102\004\070\004\074\004\070\004\067\004\060\004\106\004\070\004\117\000\040\004\070\004\064\004\065\004\075\004\102\004\070\004\104\004\070\004\072\004\060\004\106\004\070\004\070\000\040\004\102\004\070\004\077\004\076\004\062\000\040\004\101\004\076\004\061\004\113\004\102\004\070\004\071}{section.3.3}% 23
\BOOKMARK [2][-]{subsection.3.3.2}{\376\377\004\036\004\077\004\102\004\070\004\074\004\070\004\067\004\060\004\106\004\070\004\117\000\040\000s\000m\000a\000l\000l\000\040\000b\000u\000f\000f\000e\000r\000\040\000o\000p\000t\000i\000m\000i\000z\000a\000t\000i\000o\000n}{section.3.3}% 24
\BOOKMARK [2][-]{subsection.3.3.3}{\376\377\004\036\004\077\004\102\004\070\004\074\004\070\004\067\004\060\004\106\004\070\004\117\000\040\004\074\004\075\004\076\004\063\004\076\004\077\004\076\004\102\004\076\004\107\004\075\004\076\004\063\004\076\000\040\004\064\004\076\004\101\004\102\004\103\004\077\004\060}{section.3.3}% 25
\BOOKMARK [1][-]{section.3.4}{\376\377\004\034\004\065\004\105\004\060\004\075\004\070\004\067\004\074\000\040\004\100\004\065\004\063\004\070\004\101\004\102\004\100\004\060\004\106\004\070\004\070\000\040\004\076\004\061\004\100\004\060\004\061\004\076\004\102\004\107\004\070\004\072\004\076\004\062}{chapter.3}% 26
\BOOKMARK [0][-]{chapter.4}{\376\377\004\055\004\072\004\101\004\077\004\065\004\100\004\070\004\074\004\065\004\075\004\102\004\060\004\073\004\114\004\075\004\113\004\065\000\040\004\070\004\101\004\101\004\073\004\065\004\064\004\076\004\062\004\060\004\075\004\070\004\117\000\040\004\070\000\040\004\076\004\106\004\065\004\075\004\072\004\060\000\040\004\115\004\104\004\104\004\065\004\072\004\102\004\070\004\062\004\075\004\076\004\101\004\102\004\070}{}% 27
\BOOKMARK [1][-]{section.4.1}{\376\377\004\036\004\077\004\070\004\101\004\060\004\075\004\070\004\065\000\040\004\102\004\065\004\101\004\102\004\076\004\062\004\076\004\063\004\076\000\040\004\101\004\102\004\065\004\075\004\064\004\060}{chapter.4}% 28
\BOOKMARK [1][-]{section.4.2}{\376\377\004\034\004\065\004\102\004\076\004\064\004\076\004\073\004\076\004\063\004\070\004\117\000\040\004\070\004\067\004\074\004\065\004\100\004\065\004\075\004\070\004\117\000\040\004\077\004\100\004\076\004\070\004\067\004\062\004\076\004\064\004\070\004\102\004\065\004\073\004\114\004\075\004\076\004\101\004\102\004\070}{chapter.4}% 29
\BOOKMARK [1][-]{section.4.3}{\376\377\004\021\004\060\004\067\004\076\004\062\004\060\004\117\000\040\004\077\004\100\004\076\004\070\004\067\004\062\004\076\004\064\004\070\004\102\004\065\004\073\004\114\004\075\004\076\004\101\004\102\004\114\000\040\004\064\004\070\004\101\004\077\004\065\004\102\004\107\004\065\004\100\004\070\004\067\004\060\004\106\004\070\004\070}{chapter.4}% 30
\BOOKMARK [1][-]{section.4.4}{\376\377\004\037\004\100\004\076\004\070\004\067\004\062\004\076\004\064\004\070\004\102\004\065\004\073\004\114\004\075\004\076\004\101\004\102\004\114\000\040\004\101\000\040\004\076\004\061\004\100\004\060\004\061\004\076\004\102\004\107\004\070\004\072\004\060\004\074\004\070}{chapter.4}% 31
\BOOKMARK [2][-]{subsection.4.4.1}{\376\377\004\041\004\070\004\075\004\105\004\100\004\076\004\075\004\075\004\113\004\065\000\040\004\076\004\061\004\100\004\060\004\061\004\076\004\102\004\107\004\070\004\072\004\070}{section.4.4}% 32
\BOOKMARK [2][-]{subsection.4.4.2}{\376\377\004\041\004\100\004\060\004\062\004\075\004\065\004\075\004\070\004\065\000\040\004\101\004\070\004\075\004\105\004\100\004\076\004\075\004\075\004\076\004\063\004\076\000\040\004\070\000\040\004\060\004\101\004\070\004\075\004\105\004\100\004\076\004\075\004\075\004\076\004\063\004\076\000\040\004\062\004\113\004\077\004\076\004\073\004\075\004\065\004\075\004\070\004\117}{section.4.4}% 33
\BOOKMARK [1][-]{section.4.5}{\376\377\004\034\004\060\004\101\004\110\004\102\004\060\004\061\004\070\004\100\004\103\004\065\004\074\004\076\004\101\004\102\004\114\000\040\004\077\004\100\004\070\000\040\004\103\004\062\004\065\004\073\004\070\004\107\004\065\004\075\004\070\004\070\000\040\004\107\004\070\004\101\004\073\004\060\000\040\004\076\004\061\004\100\004\060\004\061\004\076\004\102\004\107\004\070\004\072\004\076\004\062}{chapter.4}% 34
\BOOKMARK [1][-]{section.4.6}{\376\377\004\041\004\100\004\060\004\062\004\075\004\065\004\075\004\070\004\065\000\040\004\101\000\040\004\060\004\073\004\114\004\102\004\065\004\100\004\075\004\060\004\102\004\070\004\062\004\075\004\113\004\074\004\070\000\040\004\100\004\065\004\110\004\065\004\075\004\070\004\117\004\074\004\070}{chapter.4}% 35
\BOOKMARK [1][-]{section.4.7}{\376\377\004\036\004\063\004\100\004\060\004\075\004\070\004\107\004\065\004\075\004\070\004\117\000\040\004\070\004\101\004\101\004\073\004\065\004\064\004\076\004\062\004\060\004\075\004\070\004\117}{chapter.4}% 36
\BOOKMARK [0][-]{chapter.5}{\376\377\004\027\004\060\004\072\004\073\004\116\004\107\004\065\004\075\004\070\004\065}{}% 37
